Yaoyle/proguard/seeds.txt
com.yyl.BaseActivity
com.yyl.BaseActivity: BaseActivity()
com.yyl.MainActivity
com.yyl.MainActivity: MainActivity()
com.yyl.account.AccountActivity
com.yyl.account.AccountActivity: AccountActivity()
com.yyl.account.AccountActivity: void onClick(android.view.View)
com.yyl.account.CreatePeopleActivity
com.yyl.account.CreatePeopleActivity: CreatePeopleActivity()
com.yyl.account.CreatePeopleActivity: void onClick(android.view.View)
com.yyl.account.LoginActivity
com.yyl.account.LoginActivity: LoginActivity()
com.yyl.account.LoginActivity: void onClick(android.view.View)
com.yyl.account.ModifyPWActivity
com.yyl.account.ModifyPWActivity: ModifyPWActivity()
com.yyl.account.ModifyPWActivity: void onClick(android.view.View)
com.yyl.account.RegisterActivity
com.yyl.account.RegisterActivity: RegisterActivity()
com.yyl.account.RegisterActivity: void onClick(android.view.View)
com.yyl.application.YylApp
com.yyl.application.YylApp: YylApp()
com.yyl.game.GameActivity
com.yyl.game.GameActivity: GameActivity()
com.yyl.game.GameActivity: void onClick(android.view.View)
com.yyl.game.GameActivity$GameState: com.yyl.game.GameActivity$GameState[] values()
com.yyl.game.GameActivity$GameState: com.yyl.game.GameActivity$GameState valueOf(java.lang.String)
com.yyl.game.RoomListActivity
com.yyl.game.RoomListActivity: RoomListActivity()
com.yyl.game.RoomListActivity: void onClick(android.view.View)
com.yyl.pay.PayActivity
com.yyl.pay.PayActivity: PayActivity()
com.yyl.pay.PayActivity: void onClick(android.view.View)
com.yyl.raffle.RaffleActivity
com.yyl.raffle.RaffleActivity: RaffleActivity()
com.yyl.raffle.RaffleActivity: void onClick(android.view.View)
com.yyl.service.YylService
com.yyl.service.YylService: YylService()
com.yyl.web.WebViewActivity
com.yyl.web.WebViewActivity: WebViewActivity()
com.yyl.widget.RoundImageView
com.yyl.widget.RoundImageView: RoundImageView(android.content.Context)
com.yyl.widget.RoundImageView: RoundImageView(android.content.Context,android.util.AttributeSet)
com.yyl.widget.RoundImageView: RoundImageView(android.content.Context,android.util.AttributeSet,int)
com.yyl.wxapi.WXEntryActivity
com.yyl.wxapi.WXEntryActivity: WXEntryActivity()
com.yyl.wxapi.WXPayEntryActivity
com.yyl.wxapi.WXPayEntryActivity: WXPayEntryActivity()
...
org.bouncycastle.jce.provider.X509StoreLDAPCertPairs
org.bouncycastle.jce.provider.X509StoreLDAPCertPairs: org.bouncycastle.x509.util.LDAPStoreHelper helper
org.bouncycastle.jce.provider.X509StoreLDAPCertPairs: X509StoreLDAPCertPairs()
org.bouncycastle.jce.provider.X509StoreLDAPCertPairs: void engineInit(org.bouncycastle.x509.X509StoreParameters)
org.bouncycastle.jce.provider.X509StoreLDAPCertPairs: java.util.Collection engineGetMatches(org.bouncycastle.util.Selector)
org.bouncycastle.jce.provider.X509StoreLDAPCerts
org.bouncycastle.jce.provider.X509StoreLDAPCerts: org.bouncycastle.x509.util.LDAPStoreHelper helper
org.bouncycastle.jce.provider.X509StoreLDAPCerts: X509StoreLDAPCerts()
org.bouncycastle.jce.provider.X509StoreLDAPCerts: void engineInit(org.bouncycastle.x509.X509StoreParameters)
org.bouncycastle.jce.provider.X509StoreLDAPCerts: java.util.Collection engineGetMatches(org.bouncycastle.util.Selector)
org.bouncycastle.jce.provider.X509StoreLDAPCerts: java.util.Collection getCertificatesFromCrossCertificatePairs(org.bouncycastle.x509.X509CertStoreSelector)
org.bouncycastle.jce.provider.asymmetric.ECMappings
org.bouncycastle.jce.provider.asymmetric.ECMappings: ECMappings()
org.bouncycastle.jce.provider.asymmetric.ECMappings: void addSignatureAlgorithm(java.lang.String,java.lang.String,java.lang.String,org.bouncycastle.asn1.DERObjectIdentifier)
org.bouncycastle.jce.provider.asymmetric.ec.EC5Util
org.bouncycastle.jce.provider.asymmetric.ec.EC5Util: EC5Util()
org.bouncycastle.jce.provider.asymmetric.ec.EC5Util: java.security.spec.EllipticCurve convertCurve(org.bouncycastle.math.ec.ECCurve,byte[])
org.bouncycastle.jce.provider.asymmetric.ec.EC5Util: org.bouncycastle.math.ec.ECCurve convertCurve(java.security.spec.EllipticCurve)
org.bouncycastle.jce.provider.asymmetric.ec.EC5Util: java.security.spec.ECParameterSpec convertSpec(java.security.spec.EllipticCurve,org.bouncycastle.jce.spec.ECParameterSpec)
org.bouncycastle.jce.provider.asymmetric.ec.EC5Util: org.bouncycastle.jce.spec.ECParameterSpec convertSpec(java.security.spec.ECParameterSpec,boolean)
org.bouncycastle.jce.provider.asymmetric.ec.EC5Util: org.bouncycastle.math.ec.ECPoint convertPoint(java.security.spec.ECParameterSpec,java.security.spec.ECPoint,boolean)
org.bouncycastle.jce.provider.asymmetric.ec.EC5Util: org.bouncycastle.math.ec.ECPoint convertPoint(org.bouncycastle.math.ec.ECCurve,java.security.spec.ECPoint,boolean)
org.bouncycastle.jce.provider.asymmetric.ec.ECUtil
org.bouncycastle.jce.provider.asymmetric.ec.ECUtil: ECUtil()
org.bouncycastle.jce.provider.asymmetric.ec.ECUtil: int[] convertMidTerms(int[])
org.bouncycastle.jce.provider.asymmetric.ec.ECUtil: org.bouncycastle.crypto.params.AsymmetricKeyParameter generatePublicKeyParameter(java.security.PublicKey)
org.bouncycastle.jce.provider.asymmetric.ec.ECUtil: org.bouncycastle.crypto.params.AsymmetricKeyParameter generatePrivateKeyParameter(java.security.PrivateKey)
org.bouncycastle.jce.provider.asymmetric.ec.ECUtil: org.bouncycastle.asn1.DERObjectIdentifier getNamedCurveOid(java.lang.String)
org.bouncycastle.jce.provider.asymmetric.ec.ECUtil: org.bouncycastle.asn1.x9.X9ECParameters getNamedCurveByOid(org.bouncycastle.asn1.DERObjectIdentifier)
org.bouncycastle.jce.provider.asymmetric.ec.ECUtil: java.lang.String getCurveName(org.bouncycastle.asn1.DERObjectIdentifier)