Yaoyle/proguard/mapping.txt
com.yyl.BaseActivity -> com.yyl.BaseActivity:
    android.content.Context context -> n
    com.yyl.application.YylApp app -> o
    android.support.v4.app.FragmentManager manager -> p
    android.os.Handler handler -> q
    void onCreate(android.os.Bundle) -> onCreate
    void setFullScreen() -> e
    void showToast(java.lang.String) -> c
    void showTipDialog(java.lang.String) -> d
    void showLoading(boolean) -> b
    void closeFragment(java.lang.String) -> e
    void showFragment$fc0c3b2(java.lang.String,android.support.v4.app.Fragment) -> a
    void showNetworkError() -> f
com.yyl.BaseActivity$1 -> com.yyl.a:
    com.yyl.BaseActivity this$0 -> a
    void handleMessage(android.os.Message) -> handleMessage
com.yyl.BaseActivity$2 -> com.yyl.b:
    com.yyl.BaseActivity this$0 -> a
    java.lang.String val$text -> b
    void run() -> run
com.yyl.BaseActivity$3 -> com.yyl.c:
    com.yyl.BaseActivity this$0 -> a
    java.lang.String val$msg -> b
    void run() -> run
com.yyl.BaseActivity$3$1 -> com.yyl.d:
    com.yyl.BaseActivity$3 this$1 -> a
    void onClick(android.content.DialogInterface,int) -> onClick
com.yyl.BaseActivity$4 -> com.yyl.e:
    com.yyl.BaseActivity this$0 -> a
    android.widget.FrameLayout val$fl -> b
    boolean val$show -> c
    void run() -> run
com.yyl.MainActivity -> com.yyl.MainActivity:
    void onCreate(android.os.Bundle) -> onCreate
    void access$0(com.yyl.MainActivity) -> a
com.yyl.MainActivity$1 -> com.yyl.f:
    com.yyl.MainActivity this$0 -> a
    void run() -> run
com.yyl.MainActivity$2 -> com.yyl.g:
    com.yyl.MainActivity this$0 -> a
    com.yyl.operater.StartOperater val$start -> b
    void onError$5d527811() -> a
    void onCallBack$5d527811() -> b
com.yyl.R -> com.yyl.h:
com.yyl.R$styleable -> com.yyl.i:
    int[] roundedimageview -> a
com.yyl.account.AccountActivity -> com.yyl.account.AccountActivity:
    android.widget.ImageView portraitFrame -> r
    android.widget.TextView accountName -> s
    android.widget.TextView accountSex -> t
    android.widget.TextView accountMoney -> u
    java.lang.String IMAGE_TYPE -> v
    com.yyl.mode.AccountInfo account -> w
    void onCreate(android.os.Bundle) -> onCreate
    void onResume() -> onResume
    void onActivityResult(int,int,android.content.Intent) -> onActivityResult
    void onDestroy() -> onDestroy
    void onClick(android.view.View) -> onClick
    void access$0(com.yyl.account.AccountActivity,java.lang.String) -> a
    void access$1(com.yyl.account.AccountActivity,android.graphics.drawable.BitmapDrawable) -> a
    android.widget.ImageView access$2(com.yyl.account.AccountActivity) -> a
    void access$3(com.yyl.account.AccountActivity,com.yyl.mode.AccountInfo) -> a
    com.yyl.mode.AccountInfo access$4(com.yyl.account.AccountActivity) -> b
    android.widget.TextView access$5(com.yyl.account.AccountActivity) -> c
    android.widget.TextView access$6(com.yyl.account.AccountActivity) -> d
    android.widget.TextView access$7(com.yyl.account.AccountActivity) -> e
com.yyl.account.AccountActivity$1 -> com.yyl.account.a:
    com.yyl.account.AccountActivity this$0 -> a
    void onFinish() -> a
com.yyl.account.AccountActivity$2 -> com.yyl.account.b:
    com.yyl.account.AccountActivity this$0 -> a
    android.net.Uri val$originalUri -> b
    void run() -> run
com.yyl.account.AccountActivity$3 -> com.yyl.account.c:
    com.yyl.account.AccountActivity this$0 -> a
    android.graphics.drawable.BitmapDrawable val$bmD -> b
    void run() -> run
com.yyl.account.AccountActivity$4 -> com.yyl.account.d:
    com.yyl.account.AccountActivity this$0 -> a
    com.yyl.operater.LoadAccountOperater val$loadAccount -> b
    void onError$5d527811() -> a
    void onCallBack$5d527811() -> b
com.yyl.account.AccountActivity$4$1 -> com.yyl.account.e:
    com.yyl.account.AccountActivity$4 this$1 -> a
    void run() -> run
...
com.tencent.mm.sdk.modelmsg.WXImageObject -> com.tencent.mm.sdk.modelmsg.WXImageObject:
    java.lang.String TAG -> TAG
    int CONTENT_LENGTH_LIMIT -> CONTENT_LENGTH_LIMIT
    int PATH_LENGTH_LIMIT -> PATH_LENGTH_LIMIT
    int URL_LENGTH_LIMIT -> URL_LENGTH_LIMIT
    byte[] imageData -> imageData
    java.lang.String imagePath -> imagePath
    java.lang.String imageUrl -> imageUrl
    void setImagePath(java.lang.String) -> setImagePath
    void serialize(android.os.Bundle) -> serialize
    void unserialize(android.os.Bundle) -> unserialize
    int type() -> type
    boolean checkArgs() -> checkArgs
    int getFileSize(java.lang.String) -> getFileSize
com.tencent.mm.sdk.modelmsg.WXMediaMessage -> com.tencent.mm.sdk.modelmsg.WXMediaMessage:
    java.lang.String TAG -> TAG
    int THUMB_LENGTH_LIMIT -> THUMB_LENGTH_LIMIT
    int TITLE_LENGTH_LIMIT -> TITLE_LENGTH_LIMIT
    int DESCRIPTION_LENGTH_LIMIT -> DESCRIPTION_LENGTH_LIMIT
    int MEDIA_TAG_NAME_LENGTH_LIMIT -> MEDIA_TAG_NAME_LENGTH_LIMIT
    int MESSAGE_ACTION_LENGTH_LIMIT -> MESSAGE_ACTION_LENGTH_LIMIT
    int MESSAGE_EXT_LENGTH_LIMIT -> MESSAGE_EXT_LENGTH_LIMIT
    java.lang.String ACTION_WXAPPMESSAGE -> ACTION_WXAPPMESSAGE
    int sdkVer -> sdkVer
    java.lang.String title -> title
    java.lang.String description -> description
    byte[] thumbData -> thumbData
    com.tencent.mm.sdk.modelmsg.WXMediaMessage$IMediaObject mediaObject -> mediaObject
    java.lang.String mediaTagName -> mediaTagName
    java.lang.String messageAction -> messageAction
    java.lang.String messageExt -> messageExt
    int getType() -> getType
    void setThumbImage(android.graphics.Bitmap) -> setThumbImage
    boolean checkArgs() -> checkArgs
com.tencent.mm.sdk.modelmsg.WXMediaMessage$Builder -> com.tencent.mm.sdk.modelmsg.WXMediaMessage$Builder:
    java.lang.String KEY_IDENTIFIER -> KEY_IDENTIFIER
    android.os.Bundle toBundle(com.tencent.mm.sdk.modelmsg.WXMediaMessage) -> toBundle
    com.tencent.mm.sdk.modelmsg.WXMediaMessage fromBundle(android.os.Bundle) -> fromBundle
    java.lang.String pathNewToOld(java.lang.String) -> pathNewToOld
    java.lang.String pathOldToNew(java.lang.String) -> pathOldToNew
com.tencent.mm.sdk.modelmsg.WXMediaMessage$IMediaObject -> com.tencent.mm.sdk.modelmsg.WXMediaMessage$IMediaObject:
    int TYPE_UNKNOWN -> TYPE_UNKNOWN
    int TYPE_TEXT -> TYPE_TEXT
    int TYPE_IMAGE -> TYPE_IMAGE
    int TYPE_MUSIC -> TYPE_MUSIC
    int TYPE_VIDEO -> TYPE_VIDEO
    int TYPE_URL -> TYPE_URL
    int TYPE_FILE -> TYPE_FILE
    int TYPE_APPDATA -> TYPE_APPDATA
    int TYPE_EMOJI -> TYPE_EMOJI
    int TYPE_PRODUCT -> TYPE_PRODUCT
    void serialize(android.os.Bundle) -> serialize
    void unserialize(android.os.Bundle) -> unserialize
    int type() -> type
    boolean checkArgs() -> checkArgs
com.tencent.mm.sdk.modelmsg.WXMusicObject -> com.tencent.mm.sdk.modelmsg.WXMusicObject:
    java.lang.String TAG -> TAG
    int LENGTH_LIMIT -> LENGTH_LIMIT
    java.lang.String musicUrl -> musicUrl
    java.lang.String musicLowBandUrl -> musicLowBandUrl
    java.lang.String musicDataUrl -> musicDataUrl
    java.lang.String musicLowBandDataUrl -> musicLowBandDataUrl
    void serialize(android.os.Bundle) -> serialize
    void unserialize(android.os.Bundle) -> unserialize
    int type() -> type
    boolean checkArgs() -> checkArgs
com.tencent.mm.sdk.modelmsg.WXTextObject -> com.tencent.mm.sdk.modelmsg.WXTextObject:
    java.lang.String TAG -> TAG
    int LENGTH_LIMIT -> LENGTH_LIMIT
    java.lang.String text -> text
    void serialize(android.os.Bundle) -> serialize
    void unserialize(android.os.Bundle) -> unserialize
    int type() -> type
    boolean checkArgs() -> checkArgs